=/pretest.json
{
  _: [],
  f: [
    '/home/runner/work/exp-word-analysis-iiith/exp-word-analysis-iiith/experiment/pretest.json'
  ],
  files: [
    '/home/runner/work/exp-word-analysis-iiith/exp-word-analysis-iiith/experiment/pretest.json'
  ],
  c: 'assessment',
  contentTypes: 'assessment',
  'content-types': 'assessment',
  '$0': 'validate'
}
Validated true
=/posttest.json
{
  _: [],
  f: [
    '/home/runner/work/exp-word-analysis-iiith/exp-word-analysis-iiith/experiment/posttest.json'
  ],
  files: [
    '/home/runner/work/exp-word-analysis-iiith/exp-word-analysis-iiith/experiment/posttest.json'
  ],
  c: 'assessment',
  contentTypes: 'assessment',
  'content-types': 'assessment',
  '$0': 'validate'
}
/questions/9/difficulty: Difficulty can only be: beginner, intermediate or advanced

/questions/10/difficulty: Difficulty can only be: beginner, intermediate or advanced

/questions/11/difficulty: Difficulty can only be: beginner, intermediate or advanced

/questions/12/difficulty: Difficulty can only be: beginner, intermediate or advanced

/questions/13/difficulty: Difficulty can only be: beginner, intermediate or advanced

/questions/14/difficulty: Difficulty can only be: beginner, intermediate or advanced

Json Error: must match "then" schema
Json Error: must match "then" schema
Failed while validating /home/runner/work/exp-word-analysis-iiith/exp-word-analysis-iiith/experiment/posttest.json
Error: Schema is Invalid
